<?xml version="1.0" encoding="UTF-8"?>
<testsuite xmlns:xsi="http://www.w3.org/2001/XMLSchema-instance" xsi:noNamespaceSchemaLocation="https://maven.apache.org/surefire/maven-surefire-plugin/xsd/surefire-test-report-3.0.xsd" version="3.0" name="com.mycompany.chatapp.LoginTest" time="0.117" tests="21" errors="0" skipped="0" failures="0">
  <properties>
[...]
</properties>
  <testcase name="testCellPhoneCorrectlyFormattedMessage" classname="com.mycompany.chatapp.LoginTest" time="0.048"/>
  <testcase name="testUsernameIncorrectlyFormattedMessage" classname="com.mycompany.chatapp.LoginTest" time="0.002"/>
  <testcase name="testFormatNameEmptyString" classname="com.mycompany.chatapp.LoginTest" time="0.002"/>
  <testcase name="testCellPhoneIncorrectlyFormattedBoolean" classname="com.mycompany.chatapp.LoginTest" time="0"/>
  <testcase name="testReturnLoginStatusSuccess" classname="com.mycompany.chatapp.LoginTest" time="0.005"/>
  <testcase name="testFormatNameValidLowercase" classname="com.mycompany.chatapp.LoginTest" time="0"/>
  <testcase name="testLoginFailed" classname="com.mycompany.chatapp.LoginTest" time="0.001"/>
  <testcase name="testPasswordMeetsRequirementsBoolean" classname="com.mycompany.chatapp.LoginTest" time="0.002"/>
  <testcase name="testReturnLoginStatusFailure" classname="com.mycompany.chatapp.LoginTest" time="0"/>
  <testcase name="testCellPhoneIncorrectlyFormattedMessage" classname="com.mycompany.chatapp.LoginTest" time="0.001"/>
  <testcase name="testFormatNameMixedCase" classname="com.mycompany.chatapp.LoginTest" time="0"/>
  <testcase name="testLoginSuccessful" classname="com.mycompany.chatapp.LoginTest" time="0.002"/>
  <testcase name="testFormatNameValidUppercase" classname="com.mycompany.chatapp.LoginTest" time="0.001"/>
  <testcase name="testUsernameCorrectlyFormattedBoolean" classname="com.mycompany.chatapp.LoginTest" time="0.002"/>
  <testcase name="testPasswordDoesNotMeetRequirementsBoolean" classname="com.mycompany.chatapp.LoginTest" time="0.001"/>
  <testcase name="testCellPhoneCorrectlyFormattedBoolean" classname="com.mycompany.chatapp.LoginTest" time="0"/>
  <testcase name="testUsernameIncorrectlyFormattedBoolean" classname="com.mycompany.chatapp.LoginTest" time="0"/>
  <testcase name="testPasswordMeetsRequirementsMessage" classname="com.mycompany.chatapp.LoginTest" time="0.008"/>
  <testcase name="testUsernameCorrectlyFormattedMessage" classname="com.mycompany.chatapp.LoginTest" time="0.005"/>
  <testcase name="testPasswordDoesNotMeetRequirementsMessage" classname="com.mycompany.chatapp.LoginTest" time="0.002"/>
  <testcase name="testFormatNameInvalidCharacters" classname="com.mycompany.chatapp.LoginTest" time="0.002"/>
</testsuite>